<?xml version="1.0" encoding="UTF-8"?>
<testsuite xmlns:xsi="http://www.w3.org/2001/XMLSchema-instance" xsi:noNamespaceSchemaLocation="https://maven.apache.org/surefire/maven-surefire-plugin/xsd/surefire-test-report-3.0.xsd" version="3.0" name="io.cucumber.skeleton.RunCucumberTest" time="3.775" tests="9" errors="0" skipped="0" failures="0">
  <properties>
[...]
</properties>
  <testcase name="TestGlobal - Suma - Examples - Example #1" classname="TestGlobal - Suma - Examples" time="1.209">
    <system-out><![CDATA[
Scenario Outline: Suma      &amp#27;[90m# io/cucumber/skeleton/Test.feature:10&amp#27;[0m
  &amp#27;[32mGiven &amp#27;[0m&amp#27;[32mI have a Calculator&amp#27;[0m &amp#27;[90m# io.cucumber.skeleton.StepDefinitions.i_have_a_calculator()&amp#27;[0m
  &amp#27;[32mWhen &amp#27;[0m&amp#27;[32mI sum &amp#27;[0m&amp#27;[32m&amp#27;[1m5&amp#27;[0m&amp#27;[32m and &amp#27;[0m&amp#27;[32m&amp#27;[1m1&amp#27;[0m        &amp#27;[90m# io.cucumber.skeleton.StepDefinitions.i_sum_and(double,double)&amp#27;[0m
  &amp#27;[32mThen &amp#27;[0m&amp#27;[32mthe result is &amp#27;[0m&amp#27;[32m&amp#27;[1m6&amp#27;[0m      &amp#27;[90m# io.cucumber.skeleton.StepDefinitions.the_result_is(double)&amp#27;[0m
]]></system-out>
  </testcase>
  <testcase name="TestGlobal - Suma - Examples - Example #2" classname="TestGlobal - Suma - Examples" time="0.082">
    <system-out><![CDATA[
Scenario Outline: Suma      &amp#27;[90m# io/cucumber/skeleton/Test.feature:11&amp#27;[0m
  &amp#27;[32mGiven &amp#27;[0m&amp#27;[32mI have a Calculator&amp#27;[0m &amp#27;[90m# io.cucumber.skeleton.StepDefinitions.i_have_a_calculator()&amp#27;[0m
  &amp#27;[32mWhen &amp#27;[0m&amp#27;[32mI sum &amp#27;[0m&amp#27;[32m&amp#27;[1m123&amp#27;[0m&amp#27;[32m and &amp#27;[0m&amp#27;[32m&amp#27;[1m9&amp#27;[0m      &amp#27;[90m# io.cucumber.skeleton.StepDefinitions.i_sum_and(double,double)&amp#27;[0m
  &amp#27;[32mThen &amp#27;[0m&amp#27;[32mthe result is &amp#27;[0m&amp#27;[32m&amp#27;[1m132&amp#27;[0m    &amp#27;[90m# io.cucumber.skeleton.StepDefinitions.the_result_is(double)&amp#27;[0m
]]></system-out>
  </testcase>
  <testcase name="TestGlobal - Suma - Examples - Example #3" classname="TestGlobal - Suma - Examples" time="0.059">
    <system-out><![CDATA[
Scenario Outline: Suma      &amp#27;[90m# io/cucumber/skeleton/Test.feature:12&amp#27;[0m
  &amp#27;[32mGiven &amp#27;[0m&amp#27;[32mI have a Calculator&amp#27;[0m &amp#27;[90m# io.cucumber.skeleton.StepDefinitions.i_have_a_calculator()&amp#27;[0m
  &amp#27;[32mWhen &amp#27;[0m&amp#27;[32mI sum &amp#27;[0m&amp#27;[32m&amp#27;[1m876&amp#27;[0m&amp#27;[32m and &amp#27;[0m&amp#27;[32m&amp#27;[1m557&amp#27;[0m    &amp#27;[90m# io.cucumber.skeleton.StepDefinitions.i_sum_and(double,double)&amp#27;[0m
  &amp#27;[32mThen &amp#27;[0m&amp#27;[32mthe result is &amp#27;[0m&amp#27;[32m&amp#27;[1m1433&amp#27;[0m   &amp#27;[90m# io.cucumber.skeleton.StepDefinitions.the_result_is(double)&amp#27;[0m
]]></system-out>
  </testcase>
  <testcase name="TestGlobal - Suma - Examples - Example #4" classname="TestGlobal - Suma - Examples" time="0.045">
    <system-out><![CDATA[
Scenario Outline: Suma      &amp#27;[90m# io/cucumber/skeleton/Test.feature:13&amp#27;[0m
  &amp#27;[32mGiven &amp#27;[0m&amp#27;[32mI have a Calculator&amp#27;[0m &amp#27;[90m# io.cucumber.skeleton.StepDefinitions.i_have_a_calculator()&amp#27;[0m
  &amp#27;[32mWhen &amp#27;[0m&amp#27;[32mI sum &amp#27;[0m&amp#27;[32m&amp#27;[1m2&amp#27;[0m&amp#27;[32m and &amp#27;[0m&amp#27;[32m&amp#27;[1m5543&amp#27;[0m     &amp#27;[90m# io.cucumber.skeleton.StepDefinitions.i_sum_and(double,double)&amp#27;[0m
  &amp#27;[32mThen &amp#27;[0m&amp#27;[32mthe result is &amp#27;[0m&amp#27;[32m&amp#27;[1m5545&amp#27;[0m   &amp#27;[90m# io.cucumber.skeleton.StepDefinitions.the_result_is(double)&amp#27;[0m
]]></system-out>
  </testcase>
  <testcase name="TestGlobal - Resta" classname="TestGlobal" time="0.044">
    <system-out><![CDATA[
Scenario: Resta               &amp#27;[90m# io/cucumber/skeleton/Test.feature:16&amp#27;[0m
  &amp#27;[32mGiven &amp#27;[0m&amp#27;[32mI have a Calculator&amp#27;[0m   &amp#27;[90m# io.cucumber.skeleton.StepDefinitions.i_have_a_calculator()&amp#27;[0m
  &amp#27;[32mWhen &amp#27;[0m&amp#27;[32mI substract &amp#27;[0m&amp#27;[32m&amp#27;[1m88&amp#27;[0m&amp#27;[32m value &amp#27;[0m&amp#27;[32m&amp#27;[1m8&amp#27;[0m &amp#27;[90m# io.cucumber.skeleton.StepDefinitions.i_substract_value(double,double)&amp#27;[0m
  &amp#27;[32mThen &amp#27;[0m&amp#27;[32mthe result is &amp#27;[0m&amp#27;[32m&amp#27;[1m80&amp#27;[0m       &amp#27;[90m# io.cucumber.skeleton.StepDefinitions.the_result_is(double)&amp#27;[0m
]]></system-out>
  </testcase>
  <testcase name="TestGlobal - Multiplicacion" classname="TestGlobal" time="0.032">
    <system-out><![CDATA[
Scenario: Multiplicacion     &amp#27;[90m# io/cucumber/skeleton/Test.feature:21&amp#27;[0m
  &amp#27;[32mGiven &amp#27;[0m&amp#27;[32mI have a Calculator&amp#27;[0m  &amp#27;[90m# io.cucumber.skeleton.StepDefinitions.i_have_a_calculator()&amp#27;[0m
  &amp#27;[32mWhen &amp#27;[0m&amp#27;[32mI multiply &amp#27;[0m&amp#27;[32m&amp#27;[1m88&amp#27;[0m&amp#27;[32m value &amp#27;[0m&amp#27;[32m&amp#27;[1m8&amp#27;[0m &amp#27;[90m# io.cucumber.skeleton.StepDefinitions.i_multiply_value(double,double)&amp#27;[0m
  &amp#27;[32mThen &amp#27;[0m&amp#27;[32mthe result is &amp#27;[0m&amp#27;[32m&amp#27;[1m704&amp#27;[0m     &amp#27;[90m# io.cucumber.skeleton.StepDefinitions.the_result_is(double)&amp#27;[0m
]]></system-out>
  </testcase>
  <testcase name="TestGlobal - Division" classname="TestGlobal" time="0.052">
    <system-out><![CDATA[
Scenario: Division          &amp#27;[90m# io/cucumber/skeleton/Test.feature:26&amp#27;[0m
  &amp#27;[32mGiven &amp#27;[0m&amp#27;[32mI have a Calculator&amp#27;[0m &amp#27;[90m# io.cucumber.skeleton.StepDefinitions.i_have_a_calculator()&amp#27;[0m
  &amp#27;[32mWhen &amp#27;[0m&amp#27;[32mI divide &amp#27;[0m&amp#27;[32m&amp#27;[1m88&amp#27;[0m&amp#27;[32m value &amp#27;[0m&amp#27;[32m&amp#27;[1m8&amp#27;[0m  &amp#27;[90m# io.cucumber.skeleton.StepDefinitions.i_divide_value(java.lang.Integer,java.lang.Integer)&amp#27;[0m
  &amp#27;[32mThen &amp#27;[0m&amp#27;[32mthe result is &amp#27;[0m&amp#27;[32m&amp#27;[1m11&amp#27;[0m     &amp#27;[90m# io.cucumber.skeleton.StepDefinitions.the_result_is(double)&amp#27;[0m
]]></system-out>
  </testcase>
  <testcase name="TestGlobal - Factorial" classname="TestGlobal" time="0.049">
    <system-out><![CDATA[
Scenario: Factorial                &amp#27;[90m# io/cucumber/skeleton/Test.feature:31&amp#27;[0m
  &amp#27;[32mGiven &amp#27;[0m&amp#27;[32mI have a Calculator&amp#27;[0m        &amp#27;[90m# io.cucumber.skeleton.StepDefinitions.i_have_a_calculator()&amp#27;[0m
  &amp#27;[32mWhen &amp#27;[0m&amp#27;[32mI select the factorial of &amp#27;[0m&amp#27;[32m&amp#27;[1m3&amp#27;[0m &amp#27;[90m# io.cucumber.skeleton.StepDefinitions.i_select_the_factorial_of(java.lang.Integer)&amp#27;[0m
  &amp#27;[32mThen &amp#27;[0m&amp#27;[32mthe result is &amp#27;[0m&amp#27;[32m&amp#27;[1m6&amp#27;[0m             &amp#27;[90m# io.cucumber.skeleton.StepDefinitions.the_result_is(double)&amp#27;[0m
]]></system-out>
  </testcase>
  <testcase name="TestGlobal - Primo" classname="TestGlobal" time="0.052">
    <system-out><![CDATA[
Scenario: Primo                       &amp#27;[90m# io/cucumber/skeleton/Test.feature:36&amp#27;[0m
  &amp#27;[32mGiven &amp#27;[0m&amp#27;[32mI have a Calculator&amp#27;[0m           &amp#27;[90m# io.cucumber.skeleton.StepDefinitions.i_have_a_calculator()&amp#27;[0m
  &amp#27;[32mWhen &amp#27;[0m&amp#27;[32mI ask if &amp#27;[0m&amp#27;[32m&amp#27;[1m7542&amp#27;[0m&amp#27;[32m is prime&amp#27;[0m         &amp#27;[90m# io.cucumber.skeleton.StepDefinitions.i_ask_if_is_prime(java.lang.Integer)&amp#27;[0m
  &amp#27;[32mThen &amp#27;[0m&amp#27;[32mthe result boolean as int is &amp#27;[0m&amp#27;[32m&amp#27;[1m0&amp#27;[0m &amp#27;[90m# io.cucumber.skeleton.StepDefinitions.the_result_boolean_as_int_is(java.lang.Integer)&amp#27;[0m
]]></system-out>
  </testcase>
</testsuite>