<?xml version="1.0" encoding="UTF-8"?>
<testsuite xmlns:xsi="http://www.w3.org/2001/XMLSchema-instance" xsi:noNamespaceSchemaLocation="https://maven.apache.org/surefire/maven-surefire-plugin/xsd/surefire-test-report-3.0.xsd" version="3.0" name="microwave_Cucumber_Test.RunCucumberTest" time="1.763" tests="30" errors="0" skipped="0" failures="0">
  <properties>
[...]
</properties>
  <testcase name="Testing fourth State - Cook" classname="Testing fourth State" time="0.471">
    <system-out><![CDATA[
Scenario: Cook                   &amp#27;[90m# io/cucumber/skeleton/MW_ClosedWithItem.feature:3&amp#27;[0m
  &amp#27;[32mGiven &amp#27;[0m&amp#27;[32mTesting fourth State&amp#27;[0m     &amp#27;[90m# microwave_Cucumber_Test.StepDefinitions.fourth_State()&amp#27;[0m
  &amp#27;[32mWhen &amp#27;[0m&amp#27;[32mSet power to &amp#27;[0m&amp#27;[32m&amp#27;[1m10&amp#27;[0m           &amp#27;[90m# microwave_Cucumber_Test.StepDefinitions.set_Power(java.lang.Integer)&amp#27;[0m
  &amp#27;[32mAnd &amp#27;[0m&amp#27;[32mWe settle timer at &amp#27;[0m&amp#27;[32m&amp#27;[1m90&amp#27;[0m&amp#27;[32m s&amp#27;[0m    &amp#27;[90m# microwave_Cucumber_Test.StepDefinitions.setTimer(java.lang.Integer)&amp#27;[0m
  &amp#27;[32mAnd &amp#27;[0m&amp#27;[32mPress start cooking&amp#27;[0m        &amp#27;[90m# microwave_Cucumber_Test.StepDefinitions.try_to_cook()&amp#27;[0m
  &amp#27;[32mThen &amp#27;[0m&amp#27;[32mWe are in the fifth State&amp#27;[0m &amp#27;[90m# microwave_Cucumber_Test.StepDefinitions.microwaveCooking()&amp#27;[0m
]]></system-out>
  </testcase>
  <testcase name="Testing fourth State - Setting power - Examples - Example #1" classname="Testing fourth State - Setting power - Examples" time="0.023">
    <system-out><![CDATA[
Scenario Outline: Setting power &amp#27;[90m# io/cucumber/skeleton/MW_ClosedWithItem.feature:17&amp#27;[0m
  &amp#27;[32mGiven &amp#27;[0m&amp#27;[32mTesting fourth State&amp#27;[0m    &amp#27;[90m# microwave_Cucumber_Test.StepDefinitions.fourth_State()&amp#27;[0m
  &amp#27;[32mWhen &amp#27;[0m&amp#27;[32mSet power to &amp#27;[0m&amp#27;[32m&amp#27;[1m10&amp#27;[0m          &amp#27;[90m# microwave_Cucumber_Test.StepDefinitions.set_Power(java.lang.Integer)&amp#27;[0m
  &amp#27;[32mThen &amp#27;[0m&amp#27;[32mScreen value is &amp#27;[0m&amp#27;[32m&amp#27;[1m"100"&amp#27;[0m    &amp#27;[90m# microwave_Cucumber_Test.StepDefinitions.screenShows(java.lang.String)&amp#27;[0m
]]></system-out>
  </testcase>
  <testcase name="Testing fourth State - Setting power - Examples - Example #2" classname="Testing fourth State - Setting power - Examples" time="0.027">
    <system-out><![CDATA[
Scenario Outline: Setting power &amp#27;[90m# io/cucumber/skeleton/MW_ClosedWithItem.feature:18&amp#27;[0m
  &amp#27;[32mGiven &amp#27;[0m&amp#27;[32mTesting fourth State&amp#27;[0m    &amp#27;[90m# microwave_Cucumber_Test.StepDefinitions.fourth_State()&amp#27;[0m
  &amp#27;[32mWhen &amp#27;[0m&amp#27;[32mSet power to &amp#27;[0m&amp#27;[32m&amp#27;[1m0&amp#27;[0m           &amp#27;[90m# microwave_Cucumber_Test.StepDefinitions.set_Power(java.lang.Integer)&amp#27;[0m
  &amp#27;[32mThen &amp#27;[0m&amp#27;[32mScreen value is &amp#27;[0m&amp#27;[32m&amp#27;[1m"0"&amp#27;[0m      &amp#27;[90m# microwave_Cucumber_Test.StepDefinitions.screenShows(java.lang.String)&amp#27;[0m
]]></system-out>
  </testcase>
  <testcase name="Testing fourth State - Setting power - Examples - Example #3" classname="Testing fourth State - Setting power - Examples" time="0.027">
    <system-out><![CDATA[
Scenario Outline: Setting power &amp#27;[90m# io/cucumber/skeleton/MW_ClosedWithItem.feature:19&amp#27;[0m
  &amp#27;[32mGiven &amp#27;[0m&amp#27;[32mTesting fourth State&amp#27;[0m    &amp#27;[90m# microwave_Cucumber_Test.StepDefinitions.fourth_State()&amp#27;[0m
  &amp#27;[32mWhen &amp#27;[0m&amp#27;[32mSet power to &amp#27;[0m&amp#27;[32m&amp#27;[1m-1&amp#27;[0m          &amp#27;[90m# microwave_Cucumber_Test.StepDefinitions.set_Power(java.lang.Integer)&amp#27;[0m
  &amp#27;[32mThen &amp#27;[0m&amp#27;[32mScreen value is &amp#27;[0m&amp#27;[32m&amp#27;[1m"0"&amp#27;[0m      &amp#27;[90m# microwave_Cucumber_Test.StepDefinitions.screenShows(java.lang.String)&amp#27;[0m
]]></system-out>
  </testcase>
  <testcase name="Testing fourth State - Setting timer - Examples - Example #1" classname="Testing fourth State - Setting timer - Examples" time="0.024">
    <system-out><![CDATA[
Scenario Outline: Setting timer &amp#27;[90m# io/cucumber/skeleton/MW_ClosedWithItem.feature:28&amp#27;[0m
  &amp#27;[32mGiven &amp#27;[0m&amp#27;[32mTesting fourth State&amp#27;[0m    &amp#27;[90m# microwave_Cucumber_Test.StepDefinitions.fourth_State()&amp#27;[0m
  &amp#27;[32mWhen &amp#27;[0m&amp#27;[32mWe settle timer at &amp#27;[0m&amp#27;[32m&amp#27;[1m88&amp#27;[0m&amp#27;[32m s&amp#27;[0m  &amp#27;[90m# microwave_Cucumber_Test.StepDefinitions.setTimer(java.lang.Integer)&amp#27;[0m
  &amp#27;[32mThen &amp#27;[0m&amp#27;[32mScreen value is &amp#27;[0m&amp#27;[32m&amp#27;[1m"88"&amp#27;[0m     &amp#27;[90m# microwave_Cucumber_Test.StepDefinitions.screenShows(java.lang.String)&amp#27;[0m
]]></system-out>
  </testcase>
  <testcase name="Testing fourth State - Setting timer - Examples - Example #2" classname="Testing fourth State - Setting timer - Examples" time="0.025">
    <system-out><![CDATA[
Scenario Outline: Setting timer &amp#27;[90m# io/cucumber/skeleton/MW_ClosedWithItem.feature:29&amp#27;[0m
  &amp#27;[32mGiven &amp#27;[0m&amp#27;[32mTesting fourth State&amp#27;[0m    &amp#27;[90m# microwave_Cucumber_Test.StepDefinitions.fourth_State()&amp#27;[0m
  &amp#27;[32mWhen &amp#27;[0m&amp#27;[32mWe settle timer at &amp#27;[0m&amp#27;[32m&amp#27;[1m0&amp#27;[0m&amp#27;[32m s&amp#27;[0m   &amp#27;[90m# microwave_Cucumber_Test.StepDefinitions.setTimer(java.lang.Integer)&amp#27;[0m
  &amp#27;[32mThen &amp#27;[0m&amp#27;[32mScreen value is &amp#27;[0m&amp#27;[32m&amp#27;[1m"0"&amp#27;[0m      &amp#27;[90m# microwave_Cucumber_Test.StepDefinitions.screenShows(java.lang.String)&amp#27;[0m
]]></system-out>
  </testcase>
  <testcase name="Testing fourth State - Setting timer - Examples - Example #3" classname="Testing fourth State - Setting timer - Examples" time="0.027">
    <system-out><![CDATA[
Scenario Outline: Setting timer  &amp#27;[90m# io/cucumber/skeleton/MW_ClosedWithItem.feature:30&amp#27;[0m
  &amp#27;[32mGiven &amp#27;[0m&amp#27;[32mTesting fourth State&amp#27;[0m     &amp#27;[90m# microwave_Cucumber_Test.StepDefinitions.fourth_State()&amp#27;[0m
  &amp#27;[32mWhen &amp#27;[0m&amp#27;[32mWe settle timer at &amp#27;[0m&amp#27;[32m&amp#27;[1m-888&amp#27;[0m&amp#27;[32m s&amp#27;[0m &amp#27;[90m# microwave_Cucumber_Test.StepDefinitions.setTimer(java.lang.Integer)&amp#27;[0m
  &amp#27;[32mThen &amp#27;[0m&amp#27;[32mScreen value is &amp#27;[0m&amp#27;[32m&amp#27;[1m"0"&amp#27;[0m       &amp#27;[90m# microwave_Cucumber_Test.StepDefinitions.screenShows(java.lang.String)&amp#27;[0m
]]></system-out>
  </testcase>
  <testcase name="Testing first State - Setting power - Examples - Example #1" classname="Testing first State - Setting power - Examples" time="0.024">
    <system-out><![CDATA[
Scenario Outline: Setting power &amp#27;[90m# io/cucumber/skeleton/MW_ClosedWithNoItem.feature:10&amp#27;[0m
  &amp#27;[32mGiven &amp#27;[0m&amp#27;[32mTesting first State&amp#27;[0m     &amp#27;[90m# microwave_Cucumber_Test.StepDefinitions.first_State()&amp#27;[0m
  &amp#27;[32mWhen &amp#27;[0m&amp#27;[32mSet power to &amp#27;[0m&amp#27;[32m&amp#27;[1m10&amp#27;[0m          &amp#27;[90m# microwave_Cucumber_Test.StepDefinitions.set_Power(java.lang.Integer)&amp#27;[0m
  &amp#27;[32mThen &amp#27;[0m&amp#27;[32mScreen value is &amp#27;[0m&amp#27;[32m&amp#27;[1m"100"&amp#27;[0m    &amp#27;[90m# microwave_Cucumber_Test.StepDefinitions.screenShows(java.lang.String)&amp#27;[0m
]]></system-out>
  </testcase>
  <testcase name="Testing first State - Setting power - Examples - Example #2" classname="Testing first State - Setting power - Examples" time="0.024">
    <system-out><![CDATA[
Scenario Outline: Setting power &amp#27;[90m# io/cucumber/skeleton/MW_ClosedWithNoItem.feature:11&amp#27;[0m
  &amp#27;[32mGiven &amp#27;[0m&amp#27;[32mTesting first State&amp#27;[0m     &amp#27;[90m# microwave_Cucumber_Test.StepDefinitions.first_State()&amp#27;[0m
  &amp#27;[32mWhen &amp#27;[0m&amp#27;[32mSet power to &amp#27;[0m&amp#27;[32m&amp#27;[1m0&amp#27;[0m           &amp#27;[90m# microwave_Cucumber_Test.StepDefinitions.set_Power(java.lang.Integer)&amp#27;[0m
  &amp#27;[32mThen &amp#27;[0m&amp#27;[32mScreen value is &amp#27;[0m&amp#27;[32m&amp#27;[1m"0"&amp#27;[0m      &amp#27;[90m# microwave_Cucumber_Test.StepDefinitions.screenShows(java.lang.String)&amp#27;[0m
]]></system-out>
  </testcase>
  <testcase name="Testing first State - Setting power - Examples - Example #3" classname="Testing first State - Setting power - Examples" time="0.027">
    <system-out><![CDATA[
Scenario Outline: Setting power &amp#27;[90m# io/cucumber/skeleton/MW_ClosedWithNoItem.feature:12&amp#27;[0m
  &amp#27;[32mGiven &amp#27;[0m&amp#27;[32mTesting first State&amp#27;[0m     &amp#27;[90m# microwave_Cucumber_Test.StepDefinitions.first_State()&amp#27;[0m
  &amp#27;[32mWhen &amp#27;[0m&amp#27;[32mSet power to &amp#27;[0m&amp#27;[32m&amp#27;[1m-1&amp#27;[0m          &amp#27;[90m# microwave_Cucumber_Test.StepDefinitions.set_Power(java.lang.Integer)&amp#27;[0m
  &amp#27;[32mThen &amp#27;[0m&amp#27;[32mScreen value is &amp#27;[0m&amp#27;[32m&amp#27;[1m"0"&amp#27;[0m      &amp#27;[90m# microwave_Cucumber_Test.StepDefinitions.screenShows(java.lang.String)&amp#27;[0m
]]></system-out>
  </testcase>
  <testcase name="Testing first State - Setting timer - Examples - Example #1" classname="Testing first State - Setting timer - Examples" time="0.022">
    <system-out><![CDATA[
Scenario Outline: Setting timer  &amp#27;[90m# io/cucumber/skeleton/MW_ClosedWithNoItem.feature:21&amp#27;[0m
  &amp#27;[32mGiven &amp#27;[0m&amp#27;[32mTesting first State&amp#27;[0m      &amp#27;[90m# microwave_Cucumber_Test.StepDefinitions.first_State()&amp#27;[0m
  &amp#27;[32mWhen &amp#27;[0m&amp#27;[32mWe settle timer at &amp#27;[0m&amp#27;[32m&amp#27;[1m-888&amp#27;[0m&amp#27;[32m s&amp#27;[0m &amp#27;[90m# microwave_Cucumber_Test.StepDefinitions.setTimer(java.lang.Integer)&amp#27;[0m
  &amp#27;[32mThen &amp#27;[0m&amp#27;[32mScreen value is &amp#27;[0m&amp#27;[32m&amp#27;[1m"0"&amp#27;[0m       &amp#27;[90m# microwave_Cucumber_Test.StepDefinitions.screenShows(java.lang.String)&amp#27;[0m
]]></system-out>
  </testcase>
  <testcase name="Testing first State - Setting timer - Examples - Example #2" classname="Testing first State - Setting timer - Examples" time="0.027">
    <system-out><![CDATA[
Scenario Outline: Setting timer &amp#27;[90m# io/cucumber/skeleton/MW_ClosedWithNoItem.feature:22&amp#27;[0m
  &amp#27;[32mGiven &amp#27;[0m&amp#27;[32mTesting first State&amp#27;[0m     &amp#27;[90m# microwave_Cucumber_Test.StepDefinitions.first_State()&amp#27;[0m
  &amp#27;[32mWhen &amp#27;[0m&amp#27;[32mWe settle timer at &amp#27;[0m&amp#27;[32m&amp#27;[1m0&amp#27;[0m&amp#27;[32m s&amp#27;[0m   &amp#27;[90m# microwave_Cucumber_Test.StepDefinitions.setTimer(java.lang.Integer)&amp#27;[0m
  &amp#27;[32mThen &amp#27;[0m&amp#27;[32mScreen value is &amp#27;[0m&amp#27;[32m&amp#27;[1m"0"&amp#27;[0m      &amp#27;[90m# microwave_Cucumber_Test.StepDefinitions.screenShows(java.lang.String)&amp#27;[0m
]]></system-out>
  </testcase>
  <testcase name="Testing first State - Setting timer - Examples - Example #3" classname="Testing first State - Setting timer - Examples" time="0.023">
    <system-out><![CDATA[
Scenario Outline: Setting timer &amp#27;[90m# io/cucumber/skeleton/MW_ClosedWithNoItem.feature:23&amp#27;[0m
  &amp#27;[32mGiven &amp#27;[0m&amp#27;[32mTesting first State&amp#27;[0m     &amp#27;[90m# microwave_Cucumber_Test.StepDefinitions.first_State()&amp#27;[0m
  &amp#27;[32mWhen &amp#27;[0m&amp#27;[32mWe settle timer at &amp#27;[0m&amp#27;[32m&amp#27;[1m88&amp#27;[0m&amp#27;[32m s&amp#27;[0m  &amp#27;[90m# microwave_Cucumber_Test.StepDefinitions.setTimer(java.lang.Integer)&amp#27;[0m
  &amp#27;[32mThen &amp#27;[0m&amp#27;[32mScreen value is &amp#27;[0m&amp#27;[32m&amp#27;[1m"88"&amp#27;[0m     &amp#27;[90m# microwave_Cucumber_Test.StepDefinitions.screenShows(java.lang.String)&amp#27;[0m
]]></system-out>
  </testcase>
  <testcase name="Testing fifth State - Cook correctly" classname="Testing fifth State" time="0.063">
    <system-out><![CDATA[
Scenario: Cook correctly           &amp#27;[90m# io/cucumber/skeleton/MW_Cooking.feature:3&amp#27;[0m
  &amp#27;[32mGiven &amp#27;[0m&amp#27;[32mTesting fourth State&amp#27;[0m       &amp#27;[90m# microwave_Cucumber_Test.StepDefinitions.fourth_State()&amp#27;[0m
  &amp#27;[32mWhen &amp#27;[0m&amp#27;[32mIncrease the power &amp#27;[0m&amp#27;[32m&amp#27;[1m10&amp#27;[0m&amp#27;[32m times&amp#27;[0m &amp#27;[90m# microwave_Cucumber_Test.StepDefinitions.increase_Power(java.lang.Integer)&amp#27;[0m
  &amp#27;[32mAnd &amp#27;[0m&amp#27;[32mWe settle timer at &amp#27;[0m&amp#27;[32m&amp#27;[1m60&amp#27;[0m&amp#27;[32m s&amp#27;[0m      &amp#27;[90m# microwave_Cucumber_Test.StepDefinitions.setTimer(java.lang.Integer)&amp#27;[0m
  &amp#27;[32mAnd &amp#27;[0m&amp#27;[32mPress start cooking&amp#27;[0m          &amp#27;[90m# microwave_Cucumber_Test.StepDefinitions.try_to_cook()&amp#27;[0m
  &amp#27;[32mThen &amp#27;[0m&amp#27;[32mWe are in the fifth State&amp#27;[0m   &amp#27;[90m# microwave_Cucumber_Test.StepDefinitions.microwaveCooking()&amp#27;[0m
  &amp#27;[32mAnd &amp#27;[0m&amp#27;[32mHeating heats&amp#27;[0m                &amp#27;[90m# microwave_Cucumber_Test.StepDefinitions.magnetronWorking()&amp#27;[0m
  &amp#27;[32mAnd &amp#27;[0m&amp#27;[32mLamp turns on&amp#27;[0m                &amp#27;[90m# microwave_Cucumber_Test.StepDefinitions.lampIsOn()&amp#27;[0m
  &amp#27;[32mAnd &amp#27;[0m&amp#27;[32mTurntable turns&amp#27;[0m              &amp#27;[90m# microwave_Cucumber_Test.StepDefinitions.turntableIsTurnning()&amp#27;[0m
]]></system-out>
  </testcase>
  <testcase name="Testing fifth State - Testing change while runing 1" classname="Testing fifth State" time="0.023">
    <system-out><![CDATA[
Scenario: Testing change while runing 1                  &amp#27;[90m# io/cucumber/skeleton/MW_Cooking.feature:13&amp#27;[0m
  &amp#27;[32mGiven &amp#27;[0m&amp#27;[32mA running microwave with &amp#27;[0m&amp#27;[32m&amp#27;[1m2000&amp#27;[0m&amp#27;[32m power and &amp#27;[0m&amp#27;[32m&amp#27;[1m60&amp#27;[0m&amp#27;[32m timer&amp#27;[0m &amp#27;[90m# microwave_Cucumber_Test.StepDefinitions.cooking(java.lang.Integer,java.lang.Integer)&amp#27;[0m
  &amp#27;[32mWhen &amp#27;[0m&amp#27;[32mIncrease the power &amp#27;[0m&amp#27;[32m&amp#27;[1m1&amp#27;[0m&amp#27;[32m times&amp#27;[0m                        &amp#27;[90m# microwave_Cucumber_Test.StepDefinitions.increase_Power(java.lang.Integer)&amp#27;[0m
  &amp#27;[32mThen &amp#27;[0m&amp#27;[32mScreen value is &amp#27;[0m&amp#27;[32m&amp#27;[1m"2010"&amp#27;[0m                            &amp#27;[90m# microwave_Cucumber_Test.StepDefinitions.screenShows(java.lang.String)&amp#27;[0m
]]></system-out>
  </testcase>
  <testcase name="Testing fifth State - Testing change while runing 2" classname="Testing fifth State" time="0.027">
    <system-out><![CDATA[
Scenario: Testing change while runing 2                &amp#27;[90m# io/cucumber/skeleton/MW_Cooking.feature:18&amp#27;[0m
  &amp#27;[32mGiven &amp#27;[0m&amp#27;[32mA running microwave with &amp#27;[0m&amp#27;[32m&amp#27;[1m800&amp#27;[0m&amp#27;[32m power and &amp#27;[0m&amp#27;[32m&amp#27;[1m1&amp#27;[0m&amp#27;[32m timer&amp#27;[0m &amp#27;[90m# microwave_Cucumber_Test.StepDefinitions.cooking(java.lang.Integer,java.lang.Integer)&amp#27;[0m
  &amp#27;[32mWhen &amp#27;[0m&amp#27;[32mWe settle timer at &amp#27;[0m&amp#27;[32m&amp#27;[1m2&amp#27;[0m&amp#27;[32m s&amp#27;[0m                          &amp#27;[90m# microwave_Cucumber_Test.StepDefinitions.setTimer(java.lang.Integer)&amp#27;[0m
  &amp#27;[32mThen &amp#27;[0m&amp#27;[32mScreen value is &amp#27;[0m&amp#27;[32m&amp#27;[1m"2"&amp#27;[0m                             &amp#27;[90m# microwave_Cucumber_Test.StepDefinitions.screenShows(java.lang.String)&amp#27;[0m
]]></system-out>
  </testcase>
  <testcase name="Testing fifth State - Testing change while runing 3" classname="Testing fifth State" time="0.023">
    <system-out><![CDATA[
Scenario: Testing change while runing 3                &amp#27;[90m# io/cucumber/skeleton/MW_Cooking.feature:23&amp#27;[0m
  &amp#27;[32mGiven &amp#27;[0m&amp#27;[32mA running microwave with &amp#27;[0m&amp#27;[32m&amp#27;[1m800&amp#27;[0m&amp#27;[32m power and &amp#27;[0m&amp#27;[32m&amp#27;[1m2&amp#27;[0m&amp#27;[32m timer&amp#27;[0m &amp#27;[90m# microwave_Cucumber_Test.StepDefinitions.cooking(java.lang.Integer,java.lang.Integer)&amp#27;[0m
  &amp#27;[32mWhen &amp#27;[0m&amp#27;[32mWe settle timer at &amp#27;[0m&amp#27;[32m&amp#27;[1m1&amp#27;[0m&amp#27;[32m s&amp#27;[0m                          &amp#27;[90m# microwave_Cucumber_Test.StepDefinitions.setTimer(java.lang.Integer)&amp#27;[0m
  &amp#27;[32mThen &amp#27;[0m&amp#27;[32mScreen value is &amp#27;[0m&amp#27;[32m&amp#27;[1m"1"&amp#27;[0m                             &amp#27;[90m# microwave_Cucumber_Test.StepDefinitions.screenShows(java.lang.String)&amp#27;[0m
]]></system-out>
  </testcase>
  <testcase name="Testing fifth State - Testing Display - Examples - Example #1" classname="Testing fifth State - Testing Display - Examples" time="0.03">
    <system-out><![CDATA[
Scenario Outline: Testing Display &amp#27;[90m# io/cucumber/skeleton/MW_Cooking.feature:36&amp#27;[0m
  &amp#27;[32mGiven &amp#27;[0m&amp#27;[32mTesting fourth State&amp#27;[0m      &amp#27;[90m# microwave_Cucumber_Test.StepDefinitions.fourth_State()&amp#27;[0m
  &amp#27;[32mWhen &amp#27;[0m&amp#27;[32mWe settle timer at &amp#27;[0m&amp#27;[32m&amp#27;[1m15&amp#27;[0m&amp#27;[32m s&amp#27;[0m    &amp#27;[90m# microwave_Cucumber_Test.StepDefinitions.setTimer(java.lang.Integer)&amp#27;[0m
  &amp#27;[32mAnd &amp#27;[0m&amp#27;[32mIncrease the power &amp#27;[0m&amp#27;[32m&amp#27;[1m63&amp#27;[0m&amp#27;[32m times&amp#27;[0m &amp#27;[90m# microwave_Cucumber_Test.StepDefinitions.increase_Power(java.lang.Integer)&amp#27;[0m
  &amp#27;[32mThen &amp#27;[0m&amp#27;[32mScreen value is &amp#27;[0m&amp#27;[32m&amp#27;[1m"630"&amp#27;[0m      &amp#27;[90m# microwave_Cucumber_Test.StepDefinitions.screenShows(java.lang.String)&amp#27;[0m
]]></system-out>
  </testcase>
  <testcase name="Testing fifth State - Testing Display - Examples - Example #2" classname="Testing fifth State - Testing Display - Examples" time="0.028">
    <system-out><![CDATA[
Scenario Outline: Testing Display &amp#27;[90m# io/cucumber/skeleton/MW_Cooking.feature:37&amp#27;[0m
  &amp#27;[32mGiven &amp#27;[0m&amp#27;[32mTesting fourth State&amp#27;[0m      &amp#27;[90m# microwave_Cucumber_Test.StepDefinitions.fourth_State()&amp#27;[0m
  &amp#27;[32mWhen &amp#27;[0m&amp#27;[32mWe settle timer at &amp#27;[0m&amp#27;[32m&amp#27;[1m30&amp#27;[0m&amp#27;[32m s&amp#27;[0m    &amp#27;[90m# microwave_Cucumber_Test.StepDefinitions.setTimer(java.lang.Integer)&amp#27;[0m
  &amp#27;[32mAnd &amp#27;[0m&amp#27;[32mIncrease the power &amp#27;[0m&amp#27;[32m&amp#27;[1m75&amp#27;[0m&amp#27;[32m times&amp#27;[0m &amp#27;[90m# microwave_Cucumber_Test.StepDefinitions.increase_Power(java.lang.Integer)&amp#27;[0m
  &amp#27;[32mThen &amp#27;[0m&amp#27;[32mScreen value is &amp#27;[0m&amp#27;[32m&amp#27;[1m"750"&amp#27;[0m      &amp#27;[90m# microwave_Cucumber_Test.StepDefinitions.screenShows(java.lang.String)&amp#27;[0m
]]></system-out>
  </testcase>
  <testcase name="Testing fifth State - Testing Display - Examples - Example #3" classname="Testing fifth State - Testing Display - Examples" time="0.029">
    <system-out><![CDATA[
Scenario Outline: Testing Display &amp#27;[90m# io/cucumber/skeleton/MW_Cooking.feature:38&amp#27;[0m
  &amp#27;[32mGiven &amp#27;[0m&amp#27;[32mTesting fourth State&amp#27;[0m      &amp#27;[90m# microwave_Cucumber_Test.StepDefinitions.fourth_State()&amp#27;[0m
  &amp#27;[32mWhen &amp#27;[0m&amp#27;[32mWe settle timer at &amp#27;[0m&amp#27;[32m&amp#27;[1m100&amp#27;[0m&amp#27;[32m s&amp#27;[0m   &amp#27;[90m# microwave_Cucumber_Test.StepDefinitions.setTimer(java.lang.Integer)&amp#27;[0m
  &amp#27;[32mAnd &amp#27;[0m&amp#27;[32mIncrease the power &amp#27;[0m&amp#27;[32m&amp#27;[1m89&amp#27;[0m&amp#27;[32m times&amp#27;[0m &amp#27;[90m# microwave_Cucumber_Test.StepDefinitions.increase_Power(java.lang.Integer)&amp#27;[0m
  &amp#27;[32mThen &amp#27;[0m&amp#27;[32mScreen value is &amp#27;[0m&amp#27;[32m&amp#27;[1m"890"&amp#27;[0m      &amp#27;[90m# microwave_Cucumber_Test.StepDefinitions.screenShows(java.lang.String)&amp#27;[0m
]]></system-out>
  </testcase>
  <testcase name="Testing third State - Setting power - Examples - Example #1" classname="Testing third State - Setting power - Examples" time="0.035">
    <system-out><![CDATA[
Scenario Outline: Setting power &amp#27;[90m# io/cucumber/skeleton/MW_OpenWithItem.feature:10&amp#27;[0m
  &amp#27;[32mGiven &amp#27;[0m&amp#27;[32mTesting third State&amp#27;[0m     &amp#27;[90m# microwave_Cucumber_Test.StepDefinitions.third_State()&amp#27;[0m
  &amp#27;[32mWhen &amp#27;[0m&amp#27;[32mSet power to &amp#27;[0m&amp#27;[32m&amp#27;[1m1&amp#27;[0m           &amp#27;[90m# microwave_Cucumber_Test.StepDefinitions.set_Power(java.lang.Integer)&amp#27;[0m
  &amp#27;[32mThen &amp#27;[0m&amp#27;[32mScreen value is &amp#27;[0m&amp#27;[32m&amp#27;[1m"10"&amp#27;[0m     &amp#27;[90m# microwave_Cucumber_Test.StepDefinitions.screenShows(java.lang.String)&amp#27;[0m
]]></system-out>
  </testcase>
  <testcase name="Testing third State - Setting power - Examples - Example #2" classname="Testing third State - Setting power - Examples" time="0.026">
    <system-out><![CDATA[
Scenario Outline: Setting power &amp#27;[90m# io/cucumber/skeleton/MW_OpenWithItem.feature:11&amp#27;[0m
  &amp#27;[32mGiven &amp#27;[0m&amp#27;[32mTesting third State&amp#27;[0m     &amp#27;[90m# microwave_Cucumber_Test.StepDefinitions.third_State()&amp#27;[0m
  &amp#27;[32mWhen &amp#27;[0m&amp#27;[32mSet power to &amp#27;[0m&amp#27;[32m&amp#27;[1m0&amp#27;[0m           &amp#27;[90m# microwave_Cucumber_Test.StepDefinitions.set_Power(java.lang.Integer)&amp#27;[0m
  &amp#27;[32mThen &amp#27;[0m&amp#27;[32mScreen value is &amp#27;[0m&amp#27;[32m&amp#27;[1m"0"&amp#27;[0m      &amp#27;[90m# microwave_Cucumber_Test.StepDefinitions.screenShows(java.lang.String)&amp#27;[0m
]]></system-out>
  </testcase>
  <testcase name="Testing third State - Setting timer - Examples - Example #1" classname="Testing third State - Setting timer - Examples" time="0.024">
    <system-out><![CDATA[
Scenario Outline: Setting timer &amp#27;[90m# io/cucumber/skeleton/MW_OpenWithItem.feature:20&amp#27;[0m
  &amp#27;[32mGiven &amp#27;[0m&amp#27;[32mTesting third State&amp#27;[0m     &amp#27;[90m# microwave_Cucumber_Test.StepDefinitions.third_State()&amp#27;[0m
  &amp#27;[32mWhen &amp#27;[0m&amp#27;[32mWe settle timer at &amp#27;[0m&amp#27;[32m&amp#27;[1m-1&amp#27;[0m&amp#27;[32m s&amp#27;[0m  &amp#27;[90m# microwave_Cucumber_Test.StepDefinitions.setTimer(java.lang.Integer)&amp#27;[0m
  &amp#27;[32mThen &amp#27;[0m&amp#27;[32mScreen value is &amp#27;[0m&amp#27;[32m&amp#27;[1m"0"&amp#27;[0m      &amp#27;[90m# microwave_Cucumber_Test.StepDefinitions.screenShows(java.lang.String)&amp#27;[0m
]]></system-out>
  </testcase>
  <testcase name="Testing third State - Setting timer - Examples - Example #2" classname="Testing third State - Setting timer - Examples" time="0.022">
    <system-out><![CDATA[
Scenario Outline: Setting timer &amp#27;[90m# io/cucumber/skeleton/MW_OpenWithItem.feature:21&amp#27;[0m
  &amp#27;[32mGiven &amp#27;[0m&amp#27;[32mTesting third State&amp#27;[0m     &amp#27;[90m# microwave_Cucumber_Test.StepDefinitions.third_State()&amp#27;[0m
  &amp#27;[32mWhen &amp#27;[0m&amp#27;[32mWe settle timer at &amp#27;[0m&amp#27;[32m&amp#27;[1m0&amp#27;[0m&amp#27;[32m s&amp#27;[0m   &amp#27;[90m# microwave_Cucumber_Test.StepDefinitions.setTimer(java.lang.Integer)&amp#27;[0m
  &amp#27;[32mThen &amp#27;[0m&amp#27;[32mScreen value is &amp#27;[0m&amp#27;[32m&amp#27;[1m"0"&amp#27;[0m      &amp#27;[90m# microwave_Cucumber_Test.StepDefinitions.screenShows(java.lang.String)&amp#27;[0m
]]></system-out>
  </testcase>
  <testcase name="Testing third State - Setting timer - Examples - Example #3" classname="Testing third State - Setting timer - Examples" time="0.024">
    <system-out><![CDATA[
Scenario Outline: Setting timer &amp#27;[90m# io/cucumber/skeleton/MW_OpenWithItem.feature:22&amp#27;[0m
  &amp#27;[32mGiven &amp#27;[0m&amp#27;[32mTesting third State&amp#27;[0m     &amp#27;[90m# microwave_Cucumber_Test.StepDefinitions.third_State()&amp#27;[0m
  &amp#27;[32mWhen &amp#27;[0m&amp#27;[32mWe settle timer at &amp#27;[0m&amp#27;[32m&amp#27;[1m60&amp#27;[0m&amp#27;[32m s&amp#27;[0m  &amp#27;[90m# microwave_Cucumber_Test.StepDefinitions.setTimer(java.lang.Integer)&amp#27;[0m
  &amp#27;[32mThen &amp#27;[0m&amp#27;[32mScreen value is &amp#27;[0m&amp#27;[32m&amp#27;[1m"60"&amp#27;[0m     &amp#27;[90m# microwave_Cucumber_Test.StepDefinitions.screenShows(java.lang.String)&amp#27;[0m
]]></system-out>
  </testcase>
  <testcase name="Testing second State - Setting power - Examples - Example #1" classname="Testing second State - Setting power - Examples" time="0.026">
    <system-out><![CDATA[
Scenario Outline: Setting power &amp#27;[90m# io/cucumber/skeleton/MW_OpenWithNoItem.feature:10&amp#27;[0m
  &amp#27;[32mGiven &amp#27;[0m&amp#27;[32mTesting second State&amp#27;[0m    &amp#27;[90m# microwave_Cucumber_Test.StepDefinitions.second_State()&amp#27;[0m
  &amp#27;[32mWhen &amp#27;[0m&amp#27;[32mSet power to &amp#27;[0m&amp#27;[32m&amp#27;[1m0&amp#27;[0m           &amp#27;[90m# microwave_Cucumber_Test.StepDefinitions.set_Power(java.lang.Integer)&amp#27;[0m
  &amp#27;[32mThen &amp#27;[0m&amp#27;[32mScreen value is &amp#27;[0m&amp#27;[32m&amp#27;[1m"0"&amp#27;[0m      &amp#27;[90m# microwave_Cucumber_Test.StepDefinitions.screenShows(java.lang.String)&amp#27;[0m
]]></system-out>
  </testcase>
  <testcase name="Testing second State - Setting power - Examples - Example #2" classname="Testing second State - Setting power - Examples" time="0.024">
    <system-out><![CDATA[
Scenario Outline: Setting power &amp#27;[90m# io/cucumber/skeleton/MW_OpenWithNoItem.feature:11&amp#27;[0m
  &amp#27;[32mGiven &amp#27;[0m&amp#27;[32mTesting second State&amp#27;[0m    &amp#27;[90m# microwave_Cucumber_Test.StepDefinitions.second_State()&amp#27;[0m
  &amp#27;[32mWhen &amp#27;[0m&amp#27;[32mSet power to &amp#27;[0m&amp#27;[32m&amp#27;[1m8&amp#27;[0m           &amp#27;[90m# microwave_Cucumber_Test.StepDefinitions.set_Power(java.lang.Integer)&amp#27;[0m
  &amp#27;[32mThen &amp#27;[0m&amp#27;[32mScreen value is &amp#27;[0m&amp#27;[32m&amp#27;[1m"80"&amp#27;[0m     &amp#27;[90m# microwave_Cucumber_Test.StepDefinitions.screenShows(java.lang.String)&amp#27;[0m
]]></system-out>
  </testcase>
  <testcase name="Testing second State - Setting timer - Examples - Example #1" classname="Testing second State - Setting timer - Examples" time="0.024">
    <system-out><![CDATA[
Scenario Outline: Setting timer &amp#27;[90m# io/cucumber/skeleton/MW_OpenWithNoItem.feature:21&amp#27;[0m
  &amp#27;[32mGiven &amp#27;[0m&amp#27;[32mTesting second State&amp#27;[0m    &amp#27;[90m# microwave_Cucumber_Test.StepDefinitions.second_State()&amp#27;[0m
  &amp#27;[32mWhen &amp#27;[0m&amp#27;[32mWe settle timer at &amp#27;[0m&amp#27;[32m&amp#27;[1m-1&amp#27;[0m&amp#27;[32m s&amp#27;[0m  &amp#27;[90m# microwave_Cucumber_Test.StepDefinitions.setTimer(java.lang.Integer)&amp#27;[0m
  &amp#27;[32mThen &amp#27;[0m&amp#27;[32mScreen value is &amp#27;[0m&amp#27;[32m&amp#27;[1m"0"&amp#27;[0m      &amp#27;[90m# microwave_Cucumber_Test.StepDefinitions.screenShows(java.lang.String)&amp#27;[0m
]]></system-out>
  </testcase>
  <testcase name="Testing second State - Setting timer - Examples - Example #2" classname="Testing second State - Setting timer - Examples" time="0.024">
    <system-out><![CDATA[
Scenario Outline: Setting timer &amp#27;[90m# io/cucumber/skeleton/MW_OpenWithNoItem.feature:22&amp#27;[0m
  &amp#27;[32mGiven &amp#27;[0m&amp#27;[32mTesting second State&amp#27;[0m    &amp#27;[90m# microwave_Cucumber_Test.StepDefinitions.second_State()&amp#27;[0m
  &amp#27;[32mWhen &amp#27;[0m&amp#27;[32mWe settle timer at &amp#27;[0m&amp#27;[32m&amp#27;[1m0&amp#27;[0m&amp#27;[32m s&amp#27;[0m   &amp#27;[90m# microwave_Cucumber_Test.StepDefinitions.setTimer(java.lang.Integer)&amp#27;[0m
  &amp#27;[32mThen &amp#27;[0m&amp#27;[32mScreen value is &amp#27;[0m&amp#27;[32m&amp#27;[1m"0"&amp#27;[0m      &amp#27;[90m# microwave_Cucumber_Test.StepDefinitions.screenShows(java.lang.String)&amp#27;[0m
]]></system-out>
  </testcase>
  <testcase name="Testing second State - Setting timer - Examples - Example #3" classname="Testing second State - Setting timer - Examples" time="0.023">
    <system-out><![CDATA[
Scenario Outline: Setting timer &amp#27;[90m# io/cucumber/skeleton/MW_OpenWithNoItem.feature:23&amp#27;[0m
  &amp#27;[32mGiven &amp#27;[0m&amp#27;[32mTesting second State&amp#27;[0m    &amp#27;[90m# microwave_Cucumber_Test.StepDefinitions.second_State()&amp#27;[0m
  &amp#27;[32mWhen &amp#27;[0m&amp#27;[32mWe settle timer at &amp#27;[0m&amp#27;[32m&amp#27;[1m60&amp#27;[0m&amp#27;[32m s&amp#27;[0m  &amp#27;[90m# microwave_Cucumber_Test.StepDefinitions.setTimer(java.lang.Integer)&amp#27;[0m
  &amp#27;[32mThen &amp#27;[0m&amp#27;[32mScreen value is &amp#27;[0m&amp#27;[32m&amp#27;[1m"60"&amp#27;[0m     &amp#27;[90m# microwave_Cucumber_Test.StepDefinitions.screenShows(java.lang.String)&amp#27;[0m
]]></system-out>
  </testcase>
</testsuite>